Arguments: 
  /Users/elliotjordankemp/.nvm/versions/node/v18.14.0/bin/node /Users/elliotjordankemp/.nvm/versions/node/v18.14.0/bin/yarn init

PATH: 
  /Users/elliotjordankemp/.nvm/versions/node/v18.14.0/bin:/usr/local/bin:/usr/bin:/bin:/usr/sbin:/sbin:/Applications/kitty.app/Contents/MacOS

Yarn version: 
  1.22.19

Node version: 
  18.14.0

Platform: 
  darwin x64

Trace: 
  Error: canceled
      at Interface.<anonymous> (/Users/elliotjordankemp/.nvm/versions/node/v18.14.0/lib/node_modules/yarn/lib/cli.js:137150:13)
      at Interface.emit (node:events:513:28)
      at [_ttyWrite] [as _ttyWrite] (node:internal/readline/interface:1130:18)
      at ReadStream.onkeypress (node:internal/readline/interface:270:20)
      at ReadStream.emit (node:events:513:28)
      at emitKeys (node:internal/readline/utils:357:14)
      at emitKeys.next (<anonymous>)
      at ReadStream.onData (node:internal/readline/emitKeypressEvents:64:36)
      at ReadStream.emit (node:events:513:28)
      at addChunk (node:internal/streams/readable:324:12)

npm manifest: 
  {
    "name": "personal-site",
    "version": "1.0.0",
    "private": true,
    "description": "personal-site",
    "author": "Elliot Kemp",
    "keywords": [
      "gatsby"
    ],
    "scripts": {
      "develop": "gatsby develop",
      "start": "gatsby develop",
      "build": "gatsby build",
      "serve": "gatsby serve",
      "clean": "gatsby clean",
      "typecheck": "tsc --noEmit"
    },
    "dependencies": {
      "@mdx-js/react": "^2.3.0",
      "gatsby": "^5.6.1",
      "gatsby-plugin-mdx": "^5.6.0",
      "gatsby-source-filesystem": "^5.6.0",
      "react": "^18.2.0",
      "react-dom": "^18.2.0"
    },
    "devDependencies": {
      "@types/node": "^18.11.18",
      "@types/react": "^18.0.27",
      "@types/react-dom": "^18.0.10",
      "typescript": "^4.9.5"
    }
  }

yarn manifest: 
  No manifest

Lockfile: 
  No lockfile
